<?xml version="1.0" encoding="UTF-8"?>
<!-- Generated by org.testng.reporters.JUnitXMLReporter -->
<testsuite ignored="0" hostname="LTIN209057" failures="0" tests="4" name="Test" time="93.059" errors="0" timestamp="2024-03-07T12:23:45 IST">
  <testcase classname="test_case.TC001" name="searching" time="18.532"/>
  <testcase classname="test_case.TC001" name="clicking" time="3.126"/>
  <testcase classname="test_case.TC001" name="course1" time="18.329"/>
  <testcase classname="test_case.TC001" name="course2" time="16.437"/>
</testsuite> <!-- Test -->
