<?xml version="1.0" encoding="UTF-8"?>
<!-- Generated by org.testng.reporters.JUnitXMLReporter -->
<testsuite ignored="4" hostname="LTIN209057" failures="0" tests="2" name="Test" time="42.079" errors="0" timestamp="2024-03-07T16:00:00 IST">
  <testcase classname="test_case.TC001" name="searching" time="12.173"/>
  <testcase classname="test_case.TC001" name="clicking" time="3.313"/>
  <testcase classname="test_base.BaseClass" name="@AfterTest tearDown" time="0.0">
    <ignored/>
  </testcase> <!-- @AfterTest tearDown -->
  <testcase classname="test_base.BaseClass" name="@BeforeTest getDriver" time="0.0">
    <ignored/>
  </testcase> <!-- @BeforeTest getDriver -->
  <testcase classname="test_base.BaseClass" name="@BeforeTest getDriver" time="0.0">
    <ignored/>
  </testcase> <!-- @BeforeTest getDriver -->
  <testcase classname="test_base.BaseClass" name="@AfterTest tearDown" time="0.0">
    <ignored/>
  </testcase> <!-- @AfterTest tearDown -->
</testsuite> <!-- Test -->
