<?xml version="1.0" encoding="UTF-8"?>
<testng-results ignored="0" total="10" passed="10" failed="0" skipped="0">
  <reporter-output>
  </reporter-output>
  <suite started-at="2024-02-28T16:08:39 IST" name="Suite" finished-at="2024-02-28T16:16:48 IST" duration-ms="488665">
    <groups>
      <group name="regression">
        <method signature="TC001.searching()[pri:1, instance:test_case.TC001@694abbdc]" name="searching" class="test_case.TC001"/>
        <method signature="TC002.searching()[pri:1, instance:test_case.TC002@4466af20]" name="searching" class="test_case.TC002"/>
        <method signature="TC003.clickenterprises()[pri:1, instance:test_case.TC003@a514af7]" name="clickenterprises" class="test_case.TC003"/>
      </group> <!-- regression -->
      <group name="sanity">
        <method signature="TC001.clicking()[pri:2, instance:test_case.TC001@694abbdc]" name="clicking" class="test_case.TC001"/>
        <method signature="TC002.getLangLvl()[pri:2, instance:test_case.TC002@4466af20]" name="getLangLvl" class="test_case.TC002"/>
        <method signature="TC003.clickoffer()[pri:2, instance:test_case.TC003@a514af7]" name="clickoffer" class="test_case.TC003"/>
        <method signature="TC001.course1()[pri:3, instance:test_case.TC001@694abbdc]" name="course1" class="test_case.TC001"/>
        <method signature="TC003.clickcourse()[pri:3, instance:test_case.TC003@a514af7]" name="clickcourse" class="test_case.TC003"/>
        <method signature="TC001.course2()[pri:4, instance:test_case.TC001@694abbdc]" name="course2" class="test_case.TC001"/>
        <method signature="TC003.fillForm()[pri:4, instance:test_case.TC003@a514af7]" name="fillForm" class="test_case.TC003"/>
      </group> <!-- sanity -->
    </groups>
    <test started-at="2024-02-28T16:08:39 IST" name="Test" finished-at="2024-02-28T16:16:48 IST" duration-ms="488665">
      <class name="test_case.TC001">
        <test-method is-config="true" signature="getDriver(java.lang.String,java.lang.String)[pri:0, instance:test_case.TC001@694abbdc]" started-at="2024-02-28T16:08:40 IST" name="getDriver" finished-at="2024-02-28T16:10:32 IST" duration-ms="112088" status="PASS">
          <params>
            <param index="0">
              <value>
                <![CDATA[windows]]>
              </value>
            </param>
            <param index="1">
              <value>
                <![CDATA[chrome]]>
              </value>
            </param>
          </params>
          <reporter-output>
          </reporter-output>
        </test-method> <!-- getDriver -->
        <test-method signature="searching()[pri:1, instance:test_case.TC001@694abbdc]" started-at="2024-02-28T16:10:32 IST" name="searching" finished-at="2024-02-28T16:11:25 IST" duration-ms="52723" status="PASS">
          <reporter-output>
          </reporter-output>
        </test-method> <!-- searching -->
        <test-method signature="clicking()[pri:2, instance:test_case.TC001@694abbdc]" started-at="2024-02-28T16:11:25 IST" name="clicking" finished-at="2024-02-28T16:11:26 IST" duration-ms="937" status="PASS">
          <reporter-output>
          </reporter-output>
        </test-method> <!-- clicking -->
        <test-method signature="course1()[pri:3, instance:test_case.TC001@694abbdc]" started-at="2024-02-28T16:11:27 IST" name="course1" finished-at="2024-02-28T16:12:11 IST" duration-ms="43887" status="PASS">
          <reporter-output>
          </reporter-output>
        </test-method> <!-- course1 -->
        <test-method signature="course2()[pri:4, instance:test_case.TC001@694abbdc]" started-at="2024-02-28T16:12:12 IST" name="course2" finished-at="2024-02-28T16:12:49 IST" duration-ms="37634" status="PASS">
          <reporter-output>
          </reporter-output>
        </test-method> <!-- course2 -->
        <test-method is-config="true" signature="tearDown()[pri:0, instance:test_case.TC001@694abbdc]" started-at="2024-02-28T16:16:47 IST" name="tearDown" finished-at="2024-02-28T16:16:48 IST" duration-ms="1363" status="PASS">
          <reporter-output>
          </reporter-output>
        </test-method> <!-- tearDown -->
      </class> <!-- test_case.TC001 -->
      <class name="test_case.TC003">
        <test-method signature="clickenterprises()[pri:1, instance:test_case.TC003@a514af7]" started-at="2024-02-28T16:14:04 IST" name="clickenterprises" finished-at="2024-02-28T16:14:45 IST" duration-ms="40927" status="PASS">
          <reporter-output>
          </reporter-output>
        </test-method> <!-- clickenterprises -->
        <test-method signature="clickoffer()[pri:2, instance:test_case.TC003@a514af7]" started-at="2024-02-28T16:14:46 IST" name="clickoffer" finished-at="2024-02-28T16:15:20 IST" duration-ms="34092" status="PASS">
          <reporter-output>
          </reporter-output>
        </test-method> <!-- clickoffer -->
        <test-method signature="clickcourse()[pri:3, instance:test_case.TC003@a514af7]" started-at="2024-02-28T16:15:20 IST" name="clickcourse" finished-at="2024-02-28T16:16:34 IST" duration-ms="74294" status="PASS">
          <reporter-output>
          </reporter-output>
        </test-method> <!-- clickcourse -->
        <test-method signature="fillForm()[pri:4, instance:test_case.TC003@a514af7]" started-at="2024-02-28T16:16:35 IST" name="fillForm" finished-at="2024-02-28T16:16:46 IST" duration-ms="11224" status="PASS">
          <reporter-output>
          </reporter-output>
        </test-method> <!-- fillForm -->
      </class> <!-- test_case.TC003 -->
      <class name="test_case.TC002">
        <test-method signature="searching()[pri:1, instance:test_case.TC002@4466af20]" started-at="2024-02-28T16:12:50 IST" name="searching" finished-at="2024-02-28T16:14:02 IST" duration-ms="72182" status="PASS">
          <reporter-output>
          </reporter-output>
        </test-method> <!-- searching -->
        <test-method signature="getLangLvl()[pri:2, instance:test_case.TC002@4466af20]" started-at="2024-02-28T16:14:02 IST" name="getLangLvl" finished-at="2024-02-28T16:14:04 IST" duration-ms="1730" status="PASS">
          <reporter-output>
          </reporter-output>
        </test-method> <!-- getLangLvl -->
      </class> <!-- test_case.TC002 -->
    </test> <!-- Test -->
  </suite> <!-- Suite -->
</testng-results>
