<?xml version="1.0" encoding="UTF-8"?>
<testsuite xmlns:xsi="http://www.w3.org/2001/XMLSchema-instance" xsi:noNamespaceSchemaLocation="https://maven.apache.org/surefire/maven-surefire-plugin/xsd/surefire-test-report-3.0.xsd" version="3.0" name="TestSuite" time="505.127" tests="10" errors="0" skipped="0" failures="0">
  <properties>
[...]
</properties>
  <testcase name="searching" classname="test_case.TC001" time="53.153">
    <system-out><![CDATA[Module 1 : Search for web development courses for Beginners level & English Language and extract the course names, total learning hours & rating for first 2 courses
]]></system-out>
    <system-err><![CDATA[SLF4J: Failed to load class "org.slf4j.impl.StaticLoggerBinder".
SLF4J: Defaulting to no-operation (NOP) logger implementation
SLF4J: See http://www.slf4j.org/codes.html#StaticLoggerBinder for further details.
]]></system-err>
  </testcase>
  <testcase name="clicking" classname="test_case.TC001" time="1.84"/>
  <testcase name="course1" classname="test_case.TC001" time="44.48">
    <system-out><![CDATA[
------1st Course------
Course Name : Meta Front-End Developer Professional Certificate
Rating : 4.7
(14,607 reviews)
Total Learning Hours : 7 months at 6 hours a week
]]></system-out>
  </testcase>
  <testcase name="course2" classname="test_case.TC001" time="38.171">
    <system-out><![CDATA[------2nd Course------
Course Name : IBM Full Stack Software Developer Professional Certificate
Rating : 4.5
(5,261 reviews)
Total Learning Hours : 4 months at 10 hours a week
]]></system-out>
  </testcase>
  <testcase name="searching" classname="test_case.TC002" time="72.511">
    <system-out><![CDATA[
Module 2 : Look for Language Learning; Extract all the languages and different levels with its total count & display them
]]></system-out>
  </testcase>
  <testcase name="getLangLvl" classname="test_case.TC002" time="1.997">
    <system-out><![CDATA[
List of Languages
English (1,643)
Spanish (1,099)
Arabic (1,010)
French (995)
Chinese (China) (991)
Portuguese (Brazil) (986)
German (975)
Indonesian (974)
Hindi (970)
Italian (969)
Swedish (968)
Dutch (967)
Greek (967)
Polish (967)
Thai (967)
Turkish (967)
Ukrainian (967)
Russian (944)
Kazakh (892)
Hungarian (696)
Japanese (90)
Korean (88)
Chinese (Traditional) (5)
Hebrew (2)
Total Count of Languages : 24

List of Levels
Beginner (884)
Intermediate (779)
Advanced (80)
Mixed (147)
Total Count of Levels : 4
]]></system-out>
  </testcase>
  <testcase name="clickenterprises" classname="test_case.TC003" time="41.522"/>
  <testcase name="clickoffer" classname="test_case.TC003" time="34.307"/>
  <testcase name="clickcourse" classname="test_case.TC003" time="74.851"/>
  <testcase name="fillForm" classname="test_case.TC003" time="11.538">
    <system-out><![CDATA[
Module 3 : In Home page, go to "For Enterprise"; Look into Courses for Campus under Product; Fill the  "Ready to transform" form with any one input invalid (example: email); Capture the error message & display

Error Message : Please enter your work email address
]]></system-out>
  </testcase>
</testsuite>