<?xml version="1.0" encoding="UTF-8"?>
<testng-results ignored="0" total="4" passed="4" failed="0" skipped="0">
  <reporter-output>
  </reporter-output>
  <suite started-at="2024-03-07T12:22:09 IST" name="Suite" finished-at="2024-03-07T12:23:42 IST" duration-ms="93059">
    <groups>
    </groups>
    <test started-at="2024-03-07T12:22:09 IST" name="Test" finished-at="2024-03-07T12:23:42 IST" duration-ms="93059">
      <class name="test_case.TC001">
        <test-method is-config="true" signature="getDriver(java.lang.String,java.lang.String)[pri:0, instance:test_case.TC001@7ae0a9ec]" started-at="2024-03-07T12:22:10 IST" name="getDriver" finished-at="2024-03-07T12:22:42 IST" duration-ms="31693" status="PASS">
          <params>
            <param index="0">
              <value>
                <![CDATA[windows]]>
              </value>
            </param>
            <param index="1">
              <value>
                <![CDATA[chrome]]>
              </value>
            </param>
          </params>
          <reporter-output>
          </reporter-output>
        </test-method> <!-- getDriver -->
        <test-method signature="searching()[pri:1, instance:test_case.TC001@7ae0a9ec]" started-at="2024-03-07T12:22:42 IST" name="searching" finished-at="2024-03-07T12:23:01 IST" duration-ms="18532" status="PASS">
          <reporter-output>
          </reporter-output>
        </test-method> <!-- searching -->
        <test-method signature="clicking()[pri:2, instance:test_case.TC001@7ae0a9ec]" started-at="2024-03-07T12:23:01 IST" name="clicking" finished-at="2024-03-07T12:23:04 IST" duration-ms="3126" status="PASS">
          <reporter-output>
          </reporter-output>
        </test-method> <!-- clicking -->
        <test-method signature="course1()[pri:3, instance:test_case.TC001@7ae0a9ec]" started-at="2024-03-07T12:23:05 IST" name="course1" finished-at="2024-03-07T12:23:23 IST" duration-ms="18329" status="PASS">
          <reporter-output>
          </reporter-output>
        </test-method> <!-- course1 -->
        <test-method signature="course2()[pri:4, instance:test_case.TC001@7ae0a9ec]" started-at="2024-03-07T12:23:24 IST" name="course2" finished-at="2024-03-07T12:23:40 IST" duration-ms="16437" status="PASS">
          <reporter-output>
          </reporter-output>
        </test-method> <!-- course2 -->
        <test-method is-config="true" signature="tearDown()[pri:0, instance:test_case.TC001@7ae0a9ec]" started-at="2024-03-07T12:23:41 IST" name="tearDown" finished-at="2024-03-07T12:23:42 IST" duration-ms="1663" status="PASS">
          <reporter-output>
          </reporter-output>
        </test-method> <!-- tearDown -->
      </class> <!-- test_case.TC001 -->
    </test> <!-- Test -->
  </suite> <!-- Suite -->
</testng-results>
